2023-06-10T04:14:05.478Z [Modules] Modules initializing
2023-06-10T04:14:05.478Z [Modules] Distribution: remote
2023-06-10T04:14:05.478Z [Modules] Host updates: enabled
2023-06-10T04:14:05.478Z [Modules] Module updates: enabled
2023-06-10T04:14:05.478Z [Modules] Module install path: /home/noah/.config/discord/0.0.27/modules
2023-06-10T04:14:05.478Z [Modules] Module installed file path: /home/noah/.config/discord/0.0.27/modules/installed.json
2023-06-10T04:14:05.478Z [Modules] Module download path: /home/noah/.config/discord/0.0.27/modules/pending
2023-06-10T04:14:05.563Z [Modules] Bootstrapping...
2023-06-10T04:14:05.564Z [Modules] Installing discord_desktop_core@0 from /opt/discord/resources/bootstrap/discord_desktop_core.zip
2023-06-10T04:14:05.565Z [Modules] Failed installing discord_desktop_core@0: Error: ENOENT: no such file or directory, open '/opt/discord/resources/bootstrap/discord_desktop_core.zip'
2023-06-10T04:14:05.565Z [Modules] Installing discord_erlpack@0 from /opt/discord/resources/bootstrap/discord_erlpack.zip
2023-06-10T04:14:05.565Z [Modules] Failed installing discord_erlpack@0: Error: ENOENT: no such file or directory, open '/opt/discord/resources/bootstrap/discord_erlpack.zip'
2023-06-10T04:14:05.566Z [Modules] Installing discord_spellcheck@0 from /opt/discord/resources/bootstrap/discord_spellcheck.zip
2023-06-10T04:14:05.566Z [Modules] Failed installing discord_spellcheck@0: Error: ENOENT: no such file or directory, open '/opt/discord/resources/bootstrap/discord_spellcheck.zip'
2023-06-10T04:14:05.566Z [Modules] Installing discord_utils@0 from /opt/discord/resources/bootstrap/discord_utils.zip
2023-06-10T04:14:05.566Z [Modules] Failed installing discord_utils@0: Error: ENOENT: no such file or directory, open '/opt/discord/resources/bootstrap/discord_utils.zip'
2023-06-10T04:14:05.567Z [Modules] Installing discord_voice@0 from /opt/discord/resources/bootstrap/discord_voice.zip
2023-06-10T04:14:05.567Z [Modules] Failed installing discord_voice@0: Error: ENOENT: no such file or directory, open '/opt/discord/resources/bootstrap/discord_voice.zip'
2023-06-10T04:14:05.567Z [Modules] Finished module installations. [success: 0] [failure: 5]
2023-06-10T04:14:05.567Z [Modules] Checking for host updates.
2023-06-10T04:14:05.740Z [Modules] Host is up to date.
2023-06-10T04:14:05.740Z [Modules] Checking for module updates at https://discord.com/api/modules/stable/versions.json
2023-06-10T04:14:05.819Z [Modules] Module update available: discord_desktop_core@1 [installed: 0]
2023-06-10T04:14:05.819Z [Modules] Module update available: discord_erlpack@1 [installed: 0]
2023-06-10T04:14:05.819Z [Modules] Module update available: discord_spellcheck@1 [installed: 0]
2023-06-10T04:14:05.819Z [Modules] Module update available: discord_utils@1 [installed: 0]
2023-06-10T04:14:05.819Z [Modules] Module update available: discord_voice@1 [installed: 0]
2023-06-10T04:14:05.819Z [Modules] Fetching discord_desktop_core@1 from https://discord.com/api/modules/stable/discord_desktop_core/1
2023-06-10T04:14:05.819Z [Modules] Streaming discord_desktop_core@1 to /home/noah/.config/discord/0.0.27/modules/pending/discord_desktop_core-1.zip
2023-06-10T04:14:06.050Z [Modules] Streaming discord_desktop_core@1 to /home/noah/.config/discord/0.0.27/modules/pending/discord_desktop_core-1.zip: 1%
2023-06-10T04:14:06.070Z [Modules] Streaming discord_desktop_core@1 to /home/noah/.config/discord/0.0.27/modules/pending/discord_desktop_core-1.zip: 2%
2023-06-10T04:14:06.081Z [Modules] Streaming discord_desktop_core@1 to /home/noah/.config/discord/0.0.27/modules/pending/discord_desktop_core-1.zip: 4%
2023-06-10T04:14:06.095Z [Modules] Streaming discord_desktop_core@1 to /home/noah/.config/discord/0.0.27/modules/pending/discord_desktop_core-1.zip: 7%
2023-06-10T04:14:06.098Z [Modules] Streaming discord_desktop_core@1 to /home/noah/.config/discord/0.0.27/modules/pending/discord_desktop_core-1.zip: 9%
2023-06-10T04:14:06.109Z [Modules] Streaming discord_desktop_core@1 to /home/noah/.config/discord/0.0.27/modules/pending/discord_desktop_core-1.zip: 11%
2023-06-10T04:14:06.114Z [Modules] Streaming discord_desktop_core@1 to /home/noah/.config/discord/0.0.27/modules/pending/discord_desktop_core-1.zip: 15%
2023-06-10T04:14:06.118Z [Modules] Streaming discord_desktop_core@1 to /home/noah/.config/discord/0.0.27/modules/pending/discord_desktop_core-1.zip: 20%
2023-06-10T04:14:06.123Z [Modules] Streaming discord_desktop_core@1 to /home/noah/.config/discord/0.0.27/modules/pending/discord_desktop_core-1.zip: 24%
2023-06-10T04:14:06.123Z [Modules] Streaming discord_desktop_core@1 to /home/noah/.config/discord/0.0.27/modules/pending/discord_desktop_core-1.zip: 25%
2023-06-10T04:14:06.124Z [Modules] Streaming discord_desktop_core@1 to /home/noah/.config/discord/0.0.27/modules/pending/discord_desktop_core-1.zip: 29%
2023-06-10T04:14:06.128Z [Modules] Streaming discord_desktop_core@1 to /home/noah/.config/discord/0.0.27/modules/pending/discord_desktop_core-1.zip: 34%
2023-06-10T04:14:06.130Z [Modules] Streaming discord_desktop_core@1 to /home/noah/.config/discord/0.0.27/modules/pending/discord_desktop_core-1.zip: 38%
2023-06-10T04:14:06.131Z [Modules] Streaming discord_desktop_core@1 to /home/noah/.config/discord/0.0.27/modules/pending/discord_desktop_core-1.zip: 42%
2023-06-10T04:14:06.132Z [Modules] Streaming discord_desktop_core@1 to /home/noah/.config/discord/0.0.27/modules/pending/discord_desktop_core-1.zip: 46%
2023-06-10T04:14:06.134Z [Modules] Streaming discord_desktop_core@1 to /home/noah/.config/discord/0.0.27/modules/pending/discord_desktop_core-1.zip: 51%
2023-06-10T04:14:06.134Z [Modules] Streaming discord_desktop_core@1 to /home/noah/.config/discord/0.0.27/modules/pending/discord_desktop_core-1.zip: 52%
2023-06-10T04:14:06.135Z [Modules] Streaming discord_desktop_core@1 to /home/noah/.config/discord/0.0.27/modules/pending/discord_desktop_core-1.zip: 56%
2023-06-10T04:14:06.135Z [Modules] Streaming discord_desktop_core@1 to /home/noah/.config/discord/0.0.27/modules/pending/discord_desktop_core-1.zip: 60%
2023-06-10T04:14:06.136Z [Modules] Streaming discord_desktop_core@1 to /home/noah/.config/discord/0.0.27/modules/pending/discord_desktop_core-1.zip: 65%
2023-06-10T04:14:06.137Z [Modules] Streaming discord_desktop_core@1 to /home/noah/.config/discord/0.0.27/modules/pending/discord_desktop_core-1.zip: 69%
2023-06-10T04:14:06.138Z [Modules] Streaming discord_desktop_core@1 to /home/noah/.config/discord/0.0.27/modules/pending/discord_desktop_core-1.zip: 73%
2023-06-10T04:14:06.139Z [Modules] Streaming discord_desktop_core@1 to /home/noah/.config/discord/0.0.27/modules/pending/discord_desktop_core-1.zip: 77%
2023-06-10T04:14:06.141Z [Modules] Streaming discord_desktop_core@1 to /home/noah/.config/discord/0.0.27/modules/pending/discord_desktop_core-1.zip: 82%
2023-06-10T04:14:06.141Z [Modules] Streaming discord_desktop_core@1 to /home/noah/.config/discord/0.0.27/modules/pending/discord_desktop_core-1.zip: 86%
2023-06-10T04:14:06.142Z [Modules] Streaming discord_desktop_core@1 to /home/noah/.config/discord/0.0.27/modules/pending/discord_desktop_core-1.zip: 90%
2023-06-10T04:14:06.143Z [Modules] Streaming discord_desktop_core@1 to /home/noah/.config/discord/0.0.27/modules/pending/discord_desktop_core-1.zip: 95%
2023-06-10T04:14:06.144Z [Modules] Streaming discord_desktop_core@1 to /home/noah/.config/discord/0.0.27/modules/pending/discord_desktop_core-1.zip: 99%
2023-06-10T04:14:06.144Z [Modules] Streaming discord_desktop_core@1 to /home/noah/.config/discord/0.0.27/modules/pending/discord_desktop_core-1.zip: 100%
2023-06-10T04:14:06.145Z [Modules] Fetching discord_erlpack@1 from https://discord.com/api/modules/stable/discord_erlpack/1
2023-06-10T04:14:06.145Z [Modules] Streaming discord_erlpack@1 to /home/noah/.config/discord/0.0.27/modules/pending/discord_erlpack-1.zip
2023-06-10T04:14:06.298Z [Modules] Streaming discord_erlpack@1 to /home/noah/.config/discord/0.0.27/modules/pending/discord_erlpack-1.zip: 3%
2023-06-10T04:14:06.299Z [Modules] Streaming discord_erlpack@1 to /home/noah/.config/discord/0.0.27/modules/pending/discord_erlpack-1.zip: 4%
2023-06-10T04:14:06.300Z [Modules] Streaming discord_erlpack@1 to /home/noah/.config/discord/0.0.27/modules/pending/discord_erlpack-1.zip: 8%
2023-06-10T04:14:06.301Z [Modules] Streaming discord_erlpack@1 to /home/noah/.config/discord/0.0.27/modules/pending/discord_erlpack-1.zip: 12%
2023-06-10T04:14:06.302Z [Modules] Streaming discord_erlpack@1 to /home/noah/.config/discord/0.0.27/modules/pending/discord_erlpack-1.zip: 16%
2023-06-10T04:14:06.302Z [Modules] Streaming discord_erlpack@1 to /home/noah/.config/discord/0.0.27/modules/pending/discord_erlpack-1.zip: 17%
2023-06-10T04:14:06.303Z [Modules] Streaming discord_erlpack@1 to /home/noah/.config/discord/0.0.27/modules/pending/discord_erlpack-1.zip: 21%
2023-06-10T04:14:06.304Z [Modules] Streaming discord_erlpack@1 to /home/noah/.config/discord/0.0.27/modules/pending/discord_erlpack-1.zip: 24%
2023-06-10T04:14:06.305Z [Modules] Streaming discord_erlpack@1 to /home/noah/.config/discord/0.0.27/modules/pending/discord_erlpack-1.zip: 28%
2023-06-10T04:14:06.305Z [Modules] Streaming discord_erlpack@1 to /home/noah/.config/discord/0.0.27/modules/pending/discord_erlpack-1.zip: 29%
2023-06-10T04:14:06.306Z [Modules] Streaming discord_erlpack@1 to /home/noah/.config/discord/0.0.27/modules/pending/discord_erlpack-1.zip: 33%
2023-06-10T04:14:06.307Z [Modules] Streaming discord_erlpack@1 to /home/noah/.config/discord/0.0.27/modules/pending/discord_erlpack-1.zip: 37%
2023-06-10T04:14:06.308Z [Modules] Streaming discord_erlpack@1 to /home/noah/.config/discord/0.0.27/modules/pending/discord_erlpack-1.zip: 41%
2023-06-10T04:14:06.309Z [Modules] Streaming discord_erlpack@1 to /home/noah/.config/discord/0.0.27/modules/pending/discord_erlpack-1.zip: 45%
2023-06-10T04:14:06.310Z [Modules] Streaming discord_erlpack@1 to /home/noah/.config/discord/0.0.27/modules/pending/discord_erlpack-1.zip: 49%
2023-06-10T04:14:06.311Z [Modules] Streaming discord_erlpack@1 to /home/noah/.config/discord/0.0.27/modules/pending/discord_erlpack-1.zip: 52%
2023-06-10T04:14:06.312Z [Modules] Streaming discord_erlpack@1 to /home/noah/.config/discord/0.0.27/modules/pending/discord_erlpack-1.zip: 56%
2023-06-10T04:14:06.313Z [Modules] Streaming discord_erlpack@1 to /home/noah/.config/discord/0.0.27/modules/pending/discord_erlpack-1.zip: 60%
2023-06-10T04:14:06.314Z [Modules] Streaming discord_erlpack@1 to /home/noah/.config/discord/0.0.27/modules/pending/discord_erlpack-1.zip: 64%
2023-06-10T04:14:06.315Z [Modules] Streaming discord_erlpack@1 to /home/noah/.config/discord/0.0.27/modules/pending/discord_erlpack-1.zip: 68%
2023-06-10T04:14:06.316Z [Modules] Streaming discord_erlpack@1 to /home/noah/.config/discord/0.0.27/modules/pending/discord_erlpack-1.zip: 72%
2023-06-10T04:14:06.317Z [Modules] Streaming discord_erlpack@1 to /home/noah/.config/discord/0.0.27/modules/pending/discord_erlpack-1.zip: 76%
2023-06-10T04:14:06.319Z [Modules] Streaming discord_erlpack@1 to /home/noah/.config/discord/0.0.27/modules/pending/discord_erlpack-1.zip: 79%
2023-06-10T04:14:06.323Z [Modules] Streaming discord_erlpack@1 to /home/noah/.config/discord/0.0.27/modules/pending/discord_erlpack-1.zip: 81%
2023-06-10T04:14:06.336Z [Modules] Streaming discord_erlpack@1 to /home/noah/.config/discord/0.0.27/modules/pending/discord_erlpack-1.zip: 85%
2023-06-10T04:14:06.336Z [Modules] Streaming discord_erlpack@1 to /home/noah/.config/discord/0.0.27/modules/pending/discord_erlpack-1.zip: 89%
2023-06-10T04:14:06.337Z [Modules] Streaming discord_erlpack@1 to /home/noah/.config/discord/0.0.27/modules/pending/discord_erlpack-1.zip: 93%
2023-06-10T04:14:06.340Z [Modules] Streaming discord_erlpack@1 to /home/noah/.config/discord/0.0.27/modules/pending/discord_erlpack-1.zip: 97%
2023-06-10T04:14:06.373Z [Modules] Streaming discord_erlpack@1 to /home/noah/.config/discord/0.0.27/modules/pending/discord_erlpack-1.zip: 100%
2023-06-10T04:14:06.374Z [Modules] Fetching discord_spellcheck@1 from https://discord.com/api/modules/stable/discord_spellcheck/1
2023-06-10T04:14:06.374Z [Modules] Streaming discord_spellcheck@1 to /home/noah/.config/discord/0.0.27/modules/pending/discord_spellcheck-1.zip
2023-06-10T04:14:06.572Z [Modules] Streaming discord_spellcheck@1 to /home/noah/.config/discord/0.0.27/modules/pending/discord_spellcheck-1.zip: 1%
2023-06-10T04:14:06.572Z [Modules] Streaming discord_spellcheck@1 to /home/noah/.config/discord/0.0.27/modules/pending/discord_spellcheck-1.zip: 2%
2023-06-10T04:14:06.575Z [Modules] Streaming discord_spellcheck@1 to /home/noah/.config/discord/0.0.27/modules/pending/discord_spellcheck-1.zip: 3%
2023-06-10T04:14:06.577Z [Modules] Streaming discord_spellcheck@1 to /home/noah/.config/discord/0.0.27/modules/pending/discord_spellcheck-1.zip: 4%
2023-06-10T04:14:06.578Z [Modules] Streaming discord_spellcheck@1 to /home/noah/.config/discord/0.0.27/modules/pending/discord_spellcheck-1.zip: 5%
2023-06-10T04:14:06.579Z [Modules] Streaming discord_spellcheck@1 to /home/noah/.config/discord/0.0.27/modules/pending/discord_spellcheck-1.zip: 6%
2023-06-10T04:14:06.581Z [Modules] Streaming discord_spellcheck@1 to /home/noah/.config/discord/0.0.27/modules/pending/discord_spellcheck-1.zip: 7%
2023-06-10T04:14:06.582Z [Modules] Streaming discord_spellcheck@1 to /home/noah/.config/discord/0.0.27/modules/pending/discord_spellcheck-1.zip: 8%
2023-06-10T04:14:06.583Z [Modules] Streaming discord_spellcheck@1 to /home/noah/.config/discord/0.0.27/modules/pending/discord_spellcheck-1.zip: 9%
2023-06-10T04:14:06.584Z [Modules] Streaming discord_spellcheck@1 to /home/noah/.config/discord/0.0.27/modules/pending/discord_spellcheck-1.zip: 10%
2023-06-10T04:14:06.586Z [Modules] Streaming discord_spellcheck@1 to /home/noah/.config/discord/0.0.27/modules/pending/discord_spellcheck-1.zip: 11%
2023-06-10T04:14:06.587Z [Modules] Streaming discord_spellcheck@1 to /home/noah/.config/discord/0.0.27/modules/pending/discord_spellcheck-1.zip: 12%
2023-06-10T04:14:06.590Z [Modules] Streaming discord_spellcheck@1 to /home/noah/.config/discord/0.0.27/modules/pending/discord_spellcheck-1.zip: 13%
2023-06-10T04:14:06.592Z [Modules] Streaming discord_spellcheck@1 to /home/noah/.config/discord/0.0.27/modules/pending/discord_spellcheck-1.zip: 14%
2023-06-10T04:14:06.593Z [Modules] Streaming discord_spellcheck@1 to /home/noah/.config/discord/0.0.27/modules/pending/discord_spellcheck-1.zip: 15%
2023-06-10T04:14:06.594Z [Modules] Streaming discord_spellcheck@1 to /home/noah/.config/discord/0.0.27/modules/pending/discord_spellcheck-1.zip: 16%
2023-06-10T04:14:06.597Z [Modules] Streaming discord_spellcheck@1 to /home/noah/.config/discord/0.0.27/modules/pending/discord_spellcheck-1.zip: 17%
2023-06-10T04:14:06.600Z [Modules] Streaming discord_spellcheck@1 to /home/noah/.config/discord/0.0.27/modules/pending/discord_spellcheck-1.zip: 18%
2023-06-10T04:14:06.600Z [Modules] Streaming discord_spellcheck@1 to /home/noah/.config/discord/0.0.27/modules/pending/discord_spellcheck-1.zip: 19%
2023-06-10T04:14:06.608Z [Modules] Streaming discord_spellcheck@1 to /home/noah/.config/discord/0.0.27/modules/pending/discord_spellcheck-1.zip: 20%
2023-06-10T04:14:06.610Z [Modules] Streaming discord_spellcheck@1 to /home/noah/.config/discord/0.0.27/modules/pending/discord_spellcheck-1.zip: 21%
2023-06-10T04:14:06.615Z [Modules] Streaming discord_spellcheck@1 to /home/noah/.config/discord/0.0.27/modules/pending/discord_spellcheck-1.zip: 22%
2023-06-10T04:14:06.616Z [Modules] Streaming discord_spellcheck@1 to /home/noah/.config/discord/0.0.27/modules/pending/discord_spellcheck-1.zip: 23%
2023-06-10T04:14:06.632Z [Modules] Streaming discord_spellcheck@1 to /home/noah/.config/discord/0.0.27/modules/pending/discord_spellcheck-1.zip: 24%
2023-06-10T04:14:06.633Z [Modules] Streaming discord_spellcheck@1 to /home/noah/.config/discord/0.0.27/modules/pending/discord_spellcheck-1.zip: 25%
2023-06-10T04:14:06.635Z [Modules] Streaming discord_spellcheck@1 to /home/noah/.config/discord/0.0.27/modules/pending/discord_spellcheck-1.zip: 26%
2023-06-10T04:14:06.641Z [Modules] Streaming discord_spellcheck@1 to /home/noah/.config/discord/0.0.27/modules/pending/discord_spellcheck-1.zip: 27%
2023-06-10T04:14:06.643Z [Modules] Streaming discord_spellcheck@1 to /home/noah/.config/discord/0.0.27/modules/pending/discord_spellcheck-1.zip: 28%
2023-06-10T04:14:06.644Z [Modules] Streaming discord_spellcheck@1 to /home/noah/.config/discord/0.0.27/modules/pending/discord_spellcheck-1.zip: 29%
2023-06-10T04:14:06.646Z [Modules] Streaming discord_spellcheck@1 to /home/noah/.config/discord/0.0.27/modules/pending/discord_spellcheck-1.zip: 30%
2023-06-10T04:14:06.647Z [Modules] Streaming discord_spellcheck@1 to /home/noah/.config/discord/0.0.27/modules/pending/discord_spellcheck-1.zip: 31%
2023-06-10T04:14:06.649Z [Modules] Streaming discord_spellcheck@1 to /home/noah/.config/discord/0.0.27/modules/pending/discord_spellcheck-1.zip: 32%
2023-06-10T04:14:06.655Z [Modules] Streaming discord_spellcheck@1 to /home/noah/.config/discord/0.0.27/modules/pending/discord_spellcheck-1.zip: 33%
2023-06-10T04:14:06.656Z [Modules] Streaming discord_spellcheck@1 to /home/noah/.config/discord/0.0.27/modules/pending/discord_spellcheck-1.zip: 34%
2023-06-10T04:14:06.665Z [Modules] Streaming discord_spellcheck@1 to /home/noah/.config/discord/0.0.27/modules/pending/discord_spellcheck-1.zip: 35%
2023-06-10T04:14:06.667Z [Modules] Streaming discord_spellcheck@1 to /home/noah/.config/discord/0.0.27/modules/pending/discord_spellcheck-1.zip: 36%
2023-06-10T04:14:06.668Z [Modules] Streaming discord_spellcheck@1 to /home/noah/.config/discord/0.0.27/modules/pending/discord_spellcheck-1.zip: 37%
2023-06-10T04:14:06.678Z [Modules] Streaming discord_spellcheck@1 to /home/noah/.config/discord/0.0.27/modules/pending/discord_spellcheck-1.zip: 38%
2023-06-10T04:14:06.679Z [Modules] Streaming discord_spellcheck@1 to /home/noah/.config/discord/0.0.27/modules/pending/discord_spellcheck-1.zip: 39%
2023-06-10T04:14:06.698Z [Modules] Streaming discord_spellcheck@1 to /home/noah/.config/discord/0.0.27/modules/pending/discord_spellcheck-1.zip: 40%
2023-06-10T04:14:06.700Z [Modules] Streaming discord_spellcheck@1 to /home/noah/.config/discord/0.0.27/modules/pending/discord_spellcheck-1.zip: 41%
2023-06-10T04:14:06.702Z [Modules] Streaming discord_spellcheck@1 to /home/noah/.config/discord/0.0.27/modules/pending/discord_spellcheck-1.zip: 42%
2023-06-10T04:14:06.711Z [Modules] Streaming discord_spellcheck@1 to /home/noah/.config/discord/0.0.27/modules/pending/discord_spellcheck-1.zip: 43%
2023-06-10T04:14:06.712Z [Modules] Streaming discord_spellcheck@1 to /home/noah/.config/discord/0.0.27/modules/pending/discord_spellcheck-1.zip: 44%
2023-06-10T04:14:06.718Z [Modules] Streaming discord_spellcheck@1 to /home/noah/.config/discord/0.0.27/modules/pending/discord_spellcheck-1.zip: 45%
2023-06-10T04:14:06.719Z [Modules] Streaming discord_spellcheck@1 to /home/noah/.config/discord/0.0.27/modules/pending/discord_spellcheck-1.zip: 46%
2023-06-10T04:14:06.722Z [Modules] Streaming discord_spellcheck@1 to /home/noah/.config/discord/0.0.27/modules/pending/discord_spellcheck-1.zip: 47%
2023-06-10T04:14:06.733Z [Modules] Streaming discord_spellcheck@1 to /home/noah/.config/discord/0.0.27/modules/pending/discord_spellcheck-1.zip: 48%
2023-06-10T04:14:06.734Z [Modules] Streaming discord_spellcheck@1 to /home/noah/.config/discord/0.0.27/modules/pending/discord_spellcheck-1.zip: 49%
2023-06-10T04:14:06.737Z [Modules] Streaming discord_spellcheck@1 to /home/noah/.config/discord/0.0.27/modules/pending/discord_spellcheck-1.zip: 50%
2023-06-10T04:14:06.737Z [Modules] Streaming discord_spellcheck@1 to /home/noah/.config/discord/0.0.27/modules/pending/discord_spellcheck-1.zip: 51%
2023-06-10T04:14:06.740Z [Modules] Streaming discord_spellcheck@1 to /home/noah/.config/discord/0.0.27/modules/pending/discord_spellcheck-1.zip: 52%
2023-06-10T04:14:06.744Z [Modules] Streaming discord_spellcheck@1 to /home/noah/.config/discord/0.0.27/modules/pending/discord_spellcheck-1.zip: 53%
2023-06-10T04:14:06.745Z [Modules] Streaming discord_spellcheck@1 to /home/noah/.config/discord/0.0.27/modules/pending/discord_spellcheck-1.zip: 54%
2023-06-10T04:14:06.751Z [Modules] Streaming discord_spellcheck@1 to /home/noah/.config/discord/0.0.27/modules/pending/discord_spellcheck-1.zip: 55%
2023-06-10T04:14:06.753Z [Modules] Streaming discord_spellcheck@1 to /home/noah/.config/discord/0.0.27/modules/pending/discord_spellcheck-1.zip: 56%
2023-06-10T04:14:06.754Z [Modules] Streaming discord_spellcheck@1 to /home/noah/.config/discord/0.0.27/modules/pending/discord_spellcheck-1.zip: 57%
2023-06-10T04:14:06.756Z [Modules] Streaming discord_spellcheck@1 to /home/noah/.config/discord/0.0.27/modules/pending/discord_spellcheck-1.zip: 58%
2023-06-10T04:14:06.757Z [Modules] Streaming discord_spellcheck@1 to /home/noah/.config/discord/0.0.27/modules/pending/discord_spellcheck-1.zip: 59%
2023-06-10T04:14:06.759Z [Modules] Streaming discord_spellcheck@1 to /home/noah/.config/discord/0.0.27/modules/pending/discord_spellcheck-1.zip: 60%
2023-06-10T04:14:06.760Z [Modules] Streaming discord_spellcheck@1 to /home/noah/.config/discord/0.0.27/modules/pending/discord_spellcheck-1.zip: 61%
2023-06-10T04:14:06.762Z [Modules] Streaming discord_spellcheck@1 to /home/noah/.config/discord/0.0.27/modules/pending/discord_spellcheck-1.zip: 62%
2023-06-10T04:14:06.764Z [Modules] Streaming discord_spellcheck@1 to /home/noah/.config/discord/0.0.27/modules/pending/discord_spellcheck-1.zip: 63%
2023-06-10T04:14:06.765Z [Modules] Streaming discord_spellcheck@1 to /home/noah/.config/discord/0.0.27/modules/pending/discord_spellcheck-1.zip: 64%
2023-06-10T04:14:06.767Z [Modules] Streaming discord_spellcheck@1 to /home/noah/.config/discord/0.0.27/modules/pending/discord_spellcheck-1.zip: 65%
2023-06-10T04:14:06.767Z [Modules] Streaming discord_spellcheck@1 to /home/noah/.config/discord/0.0.27/modules/pending/discord_spellcheck-1.zip: 66%
2023-06-10T04:14:06.774Z [Modules] Streaming discord_spellcheck@1 to /home/noah/.config/discord/0.0.27/modules/pending/discord_spellcheck-1.zip: 67%
2023-06-10T04:14:06.776Z [Modules] Streaming discord_spellcheck@1 to /home/noah/.config/discord/0.0.27/modules/pending/discord_spellcheck-1.zip: 68%
2023-06-10T04:14:06.777Z [Modules] Streaming discord_spellcheck@1 to /home/noah/.config/discord/0.0.27/modules/pending/discord_spellcheck-1.zip: 69%
2023-06-10T04:14:06.784Z [Modules] Streaming discord_spellcheck@1 to /home/noah/.config/discord/0.0.27/modules/pending/discord_spellcheck-1.zip: 70%
2023-06-10T04:14:06.785Z [Modules] Streaming discord_spellcheck@1 to /home/noah/.config/discord/0.0.27/modules/pending/discord_spellcheck-1.zip: 71%
2023-06-10T04:14:06.787Z [Modules] Streaming discord_spellcheck@1 to /home/noah/.config/discord/0.0.27/modules/pending/discord_spellcheck-1.zip: 72%
2023-06-10T04:14:06.789Z [Modules] Streaming discord_spellcheck@1 to /home/noah/.config/discord/0.0.27/modules/pending/discord_spellcheck-1.zip: 73%
2023-06-10T04:14:06.790Z [Modules] Streaming discord_spellcheck@1 to /home/noah/.config/discord/0.0.27/modules/pending/discord_spellcheck-1.zip: 74%
2023-06-10T04:14:06.793Z [Modules] Streaming discord_spellcheck@1 to /home/noah/.config/discord/0.0.27/modules/pending/discord_spellcheck-1.zip: 75%
2023-06-10T04:14:06.795Z [Modules] Streaming discord_spellcheck@1 to /home/noah/.config/discord/0.0.27/modules/pending/discord_spellcheck-1.zip: 76%
2023-06-10T04:14:06.797Z [Modules] Streaming discord_spellcheck@1 to /home/noah/.config/discord/0.0.27/modules/pending/discord_spellcheck-1.zip: 77%
2023-06-10T04:14:06.804Z [Modules] Streaming discord_spellcheck@1 to /home/noah/.config/discord/0.0.27/modules/pending/discord_spellcheck-1.zip: 78%
2023-06-10T04:14:06.806Z [Modules] Streaming discord_spellcheck@1 to /home/noah/.config/discord/0.0.27/modules/pending/discord_spellcheck-1.zip: 79%
2023-06-10T04:14:06.807Z [Modules] Streaming discord_spellcheck@1 to /home/noah/.config/discord/0.0.27/modules/pending/discord_spellcheck-1.zip: 80%
2023-06-10T04:14:06.815Z [Modules] Streaming discord_spellcheck@1 to /home/noah/.config/discord/0.0.27/modules/pending/discord_spellcheck-1.zip: 81%
2023-06-10T04:14:06.816Z [Modules] Streaming discord_spellcheck@1 to /home/noah/.config/discord/0.0.27/modules/pending/discord_spellcheck-1.zip: 82%
2023-06-10T04:14:06.819Z [Modules] Streaming discord_spellcheck@1 to /home/noah/.config/discord/0.0.27/modules/pending/discord_spellcheck-1.zip: 83%
2023-06-10T04:14:06.824Z [Modules] Streaming discord_spellcheck@1 to /home/noah/.config/discord/0.0.27/modules/pending/discord_spellcheck-1.zip: 84%
2023-06-10T04:14:06.825Z [Modules] Streaming discord_spellcheck@1 to /home/noah/.config/discord/0.0.27/modules/pending/discord_spellcheck-1.zip: 85%
2023-06-10T04:14:06.827Z [Modules] Streaming discord_spellcheck@1 to /home/noah/.config/discord/0.0.27/modules/pending/discord_spellcheck-1.zip: 86%
2023-06-10T04:14:06.828Z [Modules] Streaming discord_spellcheck@1 to /home/noah/.config/discord/0.0.27/modules/pending/discord_spellcheck-1.zip: 87%
2023-06-10T04:14:06.830Z [Modules] Streaming discord_spellcheck@1 to /home/noah/.config/discord/0.0.27/modules/pending/discord_spellcheck-1.zip: 88%
2023-06-10T04:14:06.834Z [Modules] Streaming discord_spellcheck@1 to /home/noah/.config/discord/0.0.27/modules/pending/discord_spellcheck-1.zip: 89%
2023-06-10T04:14:06.836Z [Modules] Streaming discord_spellcheck@1 to /home/noah/.config/discord/0.0.27/modules/pending/discord_spellcheck-1.zip: 90%
2023-06-10T04:14:06.837Z [Modules] Streaming discord_spellcheck@1 to /home/noah/.config/discord/0.0.27/modules/pending/discord_spellcheck-1.zip: 91%
2023-06-10T04:14:06.839Z [Modules] Streaming discord_spellcheck@1 to /home/noah/.config/discord/0.0.27/modules/pending/discord_spellcheck-1.zip: 92%
2023-06-10T04:14:06.840Z [Modules] Streaming discord_spellcheck@1 to /home/noah/.config/discord/0.0.27/modules/pending/discord_spellcheck-1.zip: 93%
2023-06-10T04:14:06.842Z [Modules] Streaming discord_spellcheck@1 to /home/noah/.config/discord/0.0.27/modules/pending/discord_spellcheck-1.zip: 94%
2023-06-10T04:14:06.843Z [Modules] Streaming discord_spellcheck@1 to /home/noah/.config/discord/0.0.27/modules/pending/discord_spellcheck-1.zip: 95%
2023-06-10T04:14:06.845Z [Modules] Streaming discord_spellcheck@1 to /home/noah/.config/discord/0.0.27/modules/pending/discord_spellcheck-1.zip: 96%
2023-06-10T04:14:06.846Z [Modules] Streaming discord_spellcheck@1 to /home/noah/.config/discord/0.0.27/modules/pending/discord_spellcheck-1.zip: 97%
2023-06-10T04:14:06.848Z [Modules] Streaming discord_spellcheck@1 to /home/noah/.config/discord/0.0.27/modules/pending/discord_spellcheck-1.zip: 98%
2023-06-10T04:14:06.849Z [Modules] Streaming discord_spellcheck@1 to /home/noah/.config/discord/0.0.27/modules/pending/discord_spellcheck-1.zip: 99%
2023-06-10T04:14:06.850Z [Modules] Streaming discord_spellcheck@1 to /home/noah/.config/discord/0.0.27/modules/pending/discord_spellcheck-1.zip: 100%
2023-06-10T04:14:06.850Z [Modules] Fetching discord_utils@1 from https://discord.com/api/modules/stable/discord_utils/1
2023-06-10T04:14:06.850Z [Modules] Streaming discord_utils@1 to /home/noah/.config/discord/0.0.27/modules/pending/discord_utils-1.zip
2023-06-10T04:14:06.963Z [Modules] Streaming discord_utils@1 to /home/noah/.config/discord/0.0.27/modules/pending/discord_utils-1.zip: 2%
2023-06-10T04:14:06.964Z [Modules] Streaming discord_utils@1 to /home/noah/.config/discord/0.0.27/modules/pending/discord_utils-1.zip: 4%
2023-06-10T04:14:06.965Z [Modules] Streaming discord_utils@1 to /home/noah/.config/discord/0.0.27/modules/pending/discord_utils-1.zip: 6%
2023-06-10T04:14:06.966Z [Modules] Streaming discord_utils@1 to /home/noah/.config/discord/0.0.27/modules/pending/discord_utils-1.zip: 9%
2023-06-10T04:14:06.967Z [Modules] Streaming discord_utils@1 to /home/noah/.config/discord/0.0.27/modules/pending/discord_utils-1.zip: 11%
2023-06-10T04:14:06.968Z [Modules] Streaming discord_utils@1 to /home/noah/.config/discord/0.0.27/modules/pending/discord_utils-1.zip: 13%
2023-06-10T04:14:06.969Z [Modules] Streaming discord_utils@1 to /home/noah/.config/discord/0.0.27/modules/pending/discord_utils-1.zip: 15%
2023-06-10T04:14:06.970Z [Modules] Streaming discord_utils@1 to /home/noah/.config/discord/0.0.27/modules/pending/discord_utils-1.zip: 17%
2023-06-10T04:14:06.971Z [Modules] Streaming discord_utils@1 to /home/noah/.config/discord/0.0.27/modules/pending/discord_utils-1.zip: 19%
2023-06-10T04:14:06.972Z [Modules] Streaming discord_utils@1 to /home/noah/.config/discord/0.0.27/modules/pending/discord_utils-1.zip: 22%
2023-06-10T04:14:06.977Z [Modules] Streaming discord_utils@1 to /home/noah/.config/discord/0.0.27/modules/pending/discord_utils-1.zip: 24%
2023-06-10T04:14:06.977Z [Modules] Streaming discord_utils@1 to /home/noah/.config/discord/0.0.27/modules/pending/discord_utils-1.zip: 26%
2023-06-10T04:14:06.978Z [Modules] Streaming discord_utils@1 to /home/noah/.config/discord/0.0.27/modules/pending/discord_utils-1.zip: 29%
2023-06-10T04:14:06.979Z [Modules] Streaming discord_utils@1 to /home/noah/.config/discord/0.0.27/modules/pending/discord_utils-1.zip: 31%
2023-06-10T04:14:06.980Z [Modules] Streaming discord_utils@1 to /home/noah/.config/discord/0.0.27/modules/pending/discord_utils-1.zip: 33%
2023-06-10T04:14:06.981Z [Modules] Streaming discord_utils@1 to /home/noah/.config/discord/0.0.27/modules/pending/discord_utils-1.zip: 35%
2023-06-10T04:14:06.982Z [Modules] Streaming discord_utils@1 to /home/noah/.config/discord/0.0.27/modules/pending/discord_utils-1.zip: 37%
2023-06-10T04:14:06.983Z [Modules] Streaming discord_utils@1 to /home/noah/.config/discord/0.0.27/modules/pending/discord_utils-1.zip: 39%
2023-06-10T04:14:06.984Z [Modules] Streaming discord_utils@1 to /home/noah/.config/discord/0.0.27/modules/pending/discord_utils-1.zip: 42%
2023-06-10T04:14:06.985Z [Modules] Streaming discord_utils@1 to /home/noah/.config/discord/0.0.27/modules/pending/discord_utils-1.zip: 44%
2023-06-10T04:14:06.985Z [Modules] Streaming discord_utils@1 to /home/noah/.config/discord/0.0.27/modules/pending/discord_utils-1.zip: 46%
2023-06-10T04:14:06.987Z [Modules] Streaming discord_utils@1 to /home/noah/.config/discord/0.0.27/modules/pending/discord_utils-1.zip: 48%
2023-06-10T04:14:06.988Z [Modules] Streaming discord_utils@1 to /home/noah/.config/discord/0.0.27/modules/pending/discord_utils-1.zip: 50%
2023-06-10T04:14:06.988Z [Modules] Streaming discord_utils@1 to /home/noah/.config/discord/0.0.27/modules/pending/discord_utils-1.zip: 52%
2023-06-10T04:14:06.989Z [Modules] Streaming discord_utils@1 to /home/noah/.config/discord/0.0.27/modules/pending/discord_utils-1.zip: 55%
2023-06-10T04:14:06.991Z [Modules] Streaming discord_utils@1 to /home/noah/.config/discord/0.0.27/modules/pending/discord_utils-1.zip: 56%
2023-06-10T04:14:06.993Z [Modules] Streaming discord_utils@1 to /home/noah/.config/discord/0.0.27/modules/pending/discord_utils-1.zip: 58%
2023-06-10T04:14:06.994Z [Modules] Streaming discord_utils@1 to /home/noah/.config/discord/0.0.27/modules/pending/discord_utils-1.zip: 60%
2023-06-10T04:14:06.995Z [Modules] Streaming discord_utils@1 to /home/noah/.config/discord/0.0.27/modules/pending/discord_utils-1.zip: 62%
2023-06-10T04:14:06.997Z [Modules] Streaming discord_utils@1 to /home/noah/.config/discord/0.0.27/modules/pending/discord_utils-1.zip: 63%
2023-06-10T04:14:06.998Z [Modules] Streaming discord_utils@1 to /home/noah/.config/discord/0.0.27/modules/pending/discord_utils-1.zip: 65%
2023-06-10T04:14:06.999Z [Modules] Streaming discord_utils@1 to /home/noah/.config/discord/0.0.27/modules/pending/discord_utils-1.zip: 68%
2023-06-10T04:14:07.000Z [Modules] Streaming discord_utils@1 to /home/noah/.config/discord/0.0.27/modules/pending/discord_utils-1.zip: 69%
2023-06-10T04:14:07.001Z [Modules] Streaming discord_utils@1 to /home/noah/.config/discord/0.0.27/modules/pending/discord_utils-1.zip: 71%
2023-06-10T04:14:07.002Z [Modules] Streaming discord_utils@1 to /home/noah/.config/discord/0.0.27/modules/pending/discord_utils-1.zip: 73%
2023-06-10T04:14:07.003Z [Modules] Streaming discord_utils@1 to /home/noah/.config/discord/0.0.27/modules/pending/discord_utils-1.zip: 76%
2023-06-10T04:14:07.004Z [Modules] Streaming discord_utils@1 to /home/noah/.config/discord/0.0.27/modules/pending/discord_utils-1.zip: 78%
2023-06-10T04:14:07.005Z [Modules] Streaming discord_utils@1 to /home/noah/.config/discord/0.0.27/modules/pending/discord_utils-1.zip: 80%
2023-06-10T04:14:07.006Z [Modules] Streaming discord_utils@1 to /home/noah/.config/discord/0.0.27/modules/pending/discord_utils-1.zip: 82%
2023-06-10T04:14:07.007Z [Modules] Streaming discord_utils@1 to /home/noah/.config/discord/0.0.27/modules/pending/discord_utils-1.zip: 84%
2023-06-10T04:14:07.008Z [Modules] Streaming discord_utils@1 to /home/noah/.config/discord/0.0.27/modules/pending/discord_utils-1.zip: 86%
2023-06-10T04:14:07.009Z [Modules] Streaming discord_utils@1 to /home/noah/.config/discord/0.0.27/modules/pending/discord_utils-1.zip: 89%
2023-06-10T04:14:07.010Z [Modules] Streaming discord_utils@1 to /home/noah/.config/discord/0.0.27/modules/pending/discord_utils-1.zip: 91%
2023-06-10T04:14:07.010Z [Modules] Streaming discord_utils@1 to /home/noah/.config/discord/0.0.27/modules/pending/discord_utils-1.zip: 93%
2023-06-10T04:14:07.012Z [Modules] Streaming discord_utils@1 to /home/noah/.config/discord/0.0.27/modules/pending/discord_utils-1.zip: 95%
2023-06-10T04:14:07.013Z [Modules] Streaming discord_utils@1 to /home/noah/.config/discord/0.0.27/modules/pending/discord_utils-1.zip: 97%
2023-06-10T04:14:07.014Z [Modules] Streaming discord_utils@1 to /home/noah/.config/discord/0.0.27/modules/pending/discord_utils-1.zip: 99%
2023-06-10T04:14:07.014Z [Modules] Streaming discord_utils@1 to /home/noah/.config/discord/0.0.27/modules/pending/discord_utils-1.zip: 100%
2023-06-10T04:14:07.014Z [Modules] Fetching discord_voice@1 from https://discord.com/api/modules/stable/discord_voice/1
2023-06-10T04:14:07.015Z [Modules] Streaming discord_voice@1 to /home/noah/.config/discord/0.0.27/modules/pending/discord_voice-1.zip
2023-06-10T04:14:07.171Z [Modules] Streaming discord_voice@1 to /home/noah/.config/discord/0.0.27/modules/pending/discord_voice-1.zip: 1%
2023-06-10T04:14:07.174Z [Modules] Streaming discord_voice@1 to /home/noah/.config/discord/0.0.27/modules/pending/discord_voice-1.zip: 2%
2023-06-10T04:14:07.185Z [Modules] Streaming discord_voice@1 to /home/noah/.config/discord/0.0.27/modules/pending/discord_voice-1.zip: 3%
2023-06-10T04:14:07.188Z [Modules] Streaming discord_voice@1 to /home/noah/.config/discord/0.0.27/modules/pending/discord_voice-1.zip: 4%
2023-06-10T04:14:07.192Z [Modules] Streaming discord_voice@1 to /home/noah/.config/discord/0.0.27/modules/pending/discord_voice-1.zip: 5%
2023-06-10T04:14:07.195Z [Modules] Streaming discord_voice@1 to /home/noah/.config/discord/0.0.27/modules/pending/discord_voice-1.zip: 6%
2023-06-10T04:14:07.201Z [Modules] Streaming discord_voice@1 to /home/noah/.config/discord/0.0.27/modules/pending/discord_voice-1.zip: 7%
2023-06-10T04:14:07.210Z [Modules] Streaming discord_voice@1 to /home/noah/.config/discord/0.0.27/modules/pending/discord_voice-1.zip: 8%
2023-06-10T04:14:07.219Z [Modules] Streaming discord_voice@1 to /home/noah/.config/discord/0.0.27/modules/pending/discord_voice-1.zip: 9%
2023-06-10T04:14:07.223Z [Modules] Streaming discord_voice@1 to /home/noah/.config/discord/0.0.27/modules/pending/discord_voice-1.zip: 10%
2023-06-10T04:14:07.231Z [Modules] Streaming discord_voice@1 to /home/noah/.config/discord/0.0.27/modules/pending/discord_voice-1.zip: 11%
2023-06-10T04:14:07.236Z [Modules] Streaming discord_voice@1 to /home/noah/.config/discord/0.0.27/modules/pending/discord_voice-1.zip: 12%
2023-06-10T04:14:07.247Z [Modules] Streaming discord_voice@1 to /home/noah/.config/discord/0.0.27/modules/pending/discord_voice-1.zip: 13%
2023-06-10T04:14:07.280Z [Modules] Streaming discord_voice@1 to /home/noah/.config/discord/0.0.27/modules/pending/discord_voice-1.zip: 14%
2023-06-10T04:14:07.282Z [Modules] Streaming discord_voice@1 to /home/noah/.config/discord/0.0.27/modules/pending/discord_voice-1.zip: 15%
2023-06-10T04:14:07.299Z [Modules] Streaming discord_voice@1 to /home/noah/.config/discord/0.0.27/modules/pending/discord_voice-1.zip: 16%
2023-06-10T04:14:07.302Z [Modules] Streaming discord_voice@1 to /home/noah/.config/discord/0.0.27/modules/pending/discord_voice-1.zip: 17%
2023-06-10T04:14:07.314Z [Modules] Streaming discord_voice@1 to /home/noah/.config/discord/0.0.27/modules/pending/discord_voice-1.zip: 18%
2023-06-10T04:14:07.330Z [Modules] Streaming discord_voice@1 to /home/noah/.config/discord/0.0.27/modules/pending/discord_voice-1.zip: 19%
2023-06-10T04:14:07.347Z [Modules] Streaming discord_voice@1 to /home/noah/.config/discord/0.0.27/modules/pending/discord_voice-1.zip: 20%
2023-06-10T04:14:07.351Z [Modules] Streaming discord_voice@1 to /home/noah/.config/discord/0.0.27/modules/pending/discord_voice-1.zip: 21%
2023-06-10T04:14:07.357Z [Modules] Streaming discord_voice@1 to /home/noah/.config/discord/0.0.27/modules/pending/discord_voice-1.zip: 22%
2023-06-10T04:14:07.372Z [Modules] Streaming discord_voice@1 to /home/noah/.config/discord/0.0.27/modules/pending/discord_voice-1.zip: 23%
2023-06-10T04:14:07.375Z [Modules] Streaming discord_voice@1 to /home/noah/.config/discord/0.0.27/modules/pending/discord_voice-1.zip: 24%
2023-06-10T04:14:07.378Z [Modules] Streaming discord_voice@1 to /home/noah/.config/discord/0.0.27/modules/pending/discord_voice-1.zip: 25%
2023-06-10T04:14:07.381Z [Modules] Streaming discord_voice@1 to /home/noah/.config/discord/0.0.27/modules/pending/discord_voice-1.zip: 26%
2023-06-10T04:14:07.390Z [Modules] Streaming discord_voice@1 to /home/noah/.config/discord/0.0.27/modules/pending/discord_voice-1.zip: 27%
2023-06-10T04:14:07.396Z [Modules] Streaming discord_voice@1 to /home/noah/.config/discord/0.0.27/modules/pending/discord_voice-1.zip: 28%
2023-06-10T04:14:07.403Z [Modules] Streaming discord_voice@1 to /home/noah/.config/discord/0.0.27/modules/pending/discord_voice-1.zip: 29%
2023-06-10T04:14:07.414Z [Modules] Streaming discord_voice@1 to /home/noah/.config/discord/0.0.27/modules/pending/discord_voice-1.zip: 30%
2023-06-10T04:14:07.419Z [Modules] Streaming discord_voice@1 to /home/noah/.config/discord/0.0.27/modules/pending/discord_voice-1.zip: 31%
2023-06-10T04:14:07.438Z [Modules] Streaming discord_voice@1 to /home/noah/.config/discord/0.0.27/modules/pending/discord_voice-1.zip: 32%
2023-06-10T04:14:07.443Z [Modules] Streaming discord_voice@1 to /home/noah/.config/discord/0.0.27/modules/pending/discord_voice-1.zip: 33%
2023-06-10T04:14:07.446Z [Modules] Streaming discord_voice@1 to /home/noah/.config/discord/0.0.27/modules/pending/discord_voice-1.zip: 34%
2023-06-10T04:14:07.463Z [Modules] Streaming discord_voice@1 to /home/noah/.config/discord/0.0.27/modules/pending/discord_voice-1.zip: 35%
2023-06-10T04:14:07.466Z [Modules] Streaming discord_voice@1 to /home/noah/.config/discord/0.0.27/modules/pending/discord_voice-1.zip: 36%
2023-06-10T04:14:07.470Z [Modules] Streaming discord_voice@1 to /home/noah/.config/discord/0.0.27/modules/pending/discord_voice-1.zip: 37%
2023-06-10T04:14:07.477Z [Modules] Streaming discord_voice@1 to /home/noah/.config/discord/0.0.27/modules/pending/discord_voice-1.zip: 38%
2023-06-10T04:14:07.484Z [Modules] Streaming discord_voice@1 to /home/noah/.config/discord/0.0.27/modules/pending/discord_voice-1.zip: 39%
2023-06-10T04:14:07.488Z [Modules] Streaming discord_voice@1 to /home/noah/.config/discord/0.0.27/modules/pending/discord_voice-1.zip: 40%
2023-06-10T04:14:07.491Z [Modules] Streaming discord_voice@1 to /home/noah/.config/discord/0.0.27/modules/pending/discord_voice-1.zip: 41%
2023-06-10T04:14:07.495Z [Modules] Streaming discord_voice@1 to /home/noah/.config/discord/0.0.27/modules/pending/discord_voice-1.zip: 42%
2023-06-10T04:14:07.498Z [Modules] Streaming discord_voice@1 to /home/noah/.config/discord/0.0.27/modules/pending/discord_voice-1.zip: 43%
2023-06-10T04:14:07.511Z [Modules] Streaming discord_voice@1 to /home/noah/.config/discord/0.0.27/modules/pending/discord_voice-1.zip: 44%
2023-06-10T04:14:07.525Z [Modules] Streaming discord_voice@1 to /home/noah/.config/discord/0.0.27/modules/pending/discord_voice-1.zip: 45%
2023-06-10T04:14:07.528Z [Modules] Streaming discord_voice@1 to /home/noah/.config/discord/0.0.27/modules/pending/discord_voice-1.zip: 46%
2023-06-10T04:14:07.539Z [Modules] Streaming discord_voice@1 to /home/noah/.config/discord/0.0.27/modules/pending/discord_voice-1.zip: 47%
2023-06-10T04:14:07.551Z [Modules] Streaming discord_voice@1 to /home/noah/.config/discord/0.0.27/modules/pending/discord_voice-1.zip: 48%
2023-06-10T04:14:07.569Z [Modules] Streaming discord_voice@1 to /home/noah/.config/discord/0.0.27/modules/pending/discord_voice-1.zip: 49%
2023-06-10T04:14:07.580Z [Modules] Streaming discord_voice@1 to /home/noah/.config/discord/0.0.27/modules/pending/discord_voice-1.zip: 50%
2023-06-10T04:14:07.584Z [Modules] Streaming discord_voice@1 to /home/noah/.config/discord/0.0.27/modules/pending/discord_voice-1.zip: 51%
2023-06-10T04:14:07.590Z [Modules] Streaming discord_voice@1 to /home/noah/.config/discord/0.0.27/modules/pending/discord_voice-1.zip: 52%
2023-06-10T04:14:07.594Z [Modules] Streaming discord_voice@1 to /home/noah/.config/discord/0.0.27/modules/pending/discord_voice-1.zip: 53%
2023-06-10T04:14:07.606Z [Modules] Streaming discord_voice@1 to /home/noah/.config/discord/0.0.27/modules/pending/discord_voice-1.zip: 54%
2023-06-10T04:14:07.609Z [Modules] Streaming discord_voice@1 to /home/noah/.config/discord/0.0.27/modules/pending/discord_voice-1.zip: 55%
2023-06-10T04:14:07.626Z [Modules] Streaming discord_voice@1 to /home/noah/.config/discord/0.0.27/modules/pending/discord_voice-1.zip: 56%
2023-06-10T04:14:07.629Z [Modules] Streaming discord_voice@1 to /home/noah/.config/discord/0.0.27/modules/pending/discord_voice-1.zip: 57%
2023-06-10T04:14:07.634Z [Modules] Streaming discord_voice@1 to /home/noah/.config/discord/0.0.27/modules/pending/discord_voice-1.zip: 58%
2023-06-10T04:14:07.643Z [Modules] Streaming discord_voice@1 to /home/noah/.config/discord/0.0.27/modules/pending/discord_voice-1.zip: 59%
2023-06-10T04:14:07.649Z [Modules] Streaming discord_voice@1 to /home/noah/.config/discord/0.0.27/modules/pending/discord_voice-1.zip: 60%
2023-06-10T04:14:07.652Z [Modules] Streaming discord_voice@1 to /home/noah/.config/discord/0.0.27/modules/pending/discord_voice-1.zip: 61%
2023-06-10T04:14:07.655Z [Modules] Streaming discord_voice@1 to /home/noah/.config/discord/0.0.27/modules/pending/discord_voice-1.zip: 62%
2023-06-10T04:14:07.660Z [Modules] Streaming discord_voice@1 to /home/noah/.config/discord/0.0.27/modules/pending/discord_voice-1.zip: 63%
2023-06-10T04:14:07.663Z [Modules] Streaming discord_voice@1 to /home/noah/.config/discord/0.0.27/modules/pending/discord_voice-1.zip: 64%
2023-06-10T04:14:07.667Z [Modules] Streaming discord_voice@1 to /home/noah/.config/discord/0.0.27/modules/pending/discord_voice-1.zip: 65%
2023-06-10T04:14:07.669Z [Modules] Streaming discord_voice@1 to /home/noah/.config/discord/0.0.27/modules/pending/discord_voice-1.zip: 66%
2023-06-10T04:14:07.678Z [Modules] Streaming discord_voice@1 to /home/noah/.config/discord/0.0.27/modules/pending/discord_voice-1.zip: 67%
2023-06-10T04:14:07.697Z [Modules] Streaming discord_voice@1 to /home/noah/.config/discord/0.0.27/modules/pending/discord_voice-1.zip: 68%
2023-06-10T04:14:07.705Z [Modules] Streaming discord_voice@1 to /home/noah/.config/discord/0.0.27/modules/pending/discord_voice-1.zip: 69%
2023-06-10T04:14:07.707Z [Modules] Streaming discord_voice@1 to /home/noah/.config/discord/0.0.27/modules/pending/discord_voice-1.zip: 70%
2023-06-10T04:14:07.710Z [Modules] Streaming discord_voice@1 to /home/noah/.config/discord/0.0.27/modules/pending/discord_voice-1.zip: 71%
2023-06-10T04:14:07.713Z [Modules] Streaming discord_voice@1 to /home/noah/.config/discord/0.0.27/modules/pending/discord_voice-1.zip: 72%
2023-06-10T04:14:07.716Z [Modules] Streaming discord_voice@1 to /home/noah/.config/discord/0.0.27/modules/pending/discord_voice-1.zip: 73%
2023-06-10T04:14:07.720Z [Modules] Streaming discord_voice@1 to /home/noah/.config/discord/0.0.27/modules/pending/discord_voice-1.zip: 74%
2023-06-10T04:14:07.729Z [Modules] Streaming discord_voice@1 to /home/noah/.config/discord/0.0.27/modules/pending/discord_voice-1.zip: 75%
2023-06-10T04:14:07.732Z [Modules] Streaming discord_voice@1 to /home/noah/.config/discord/0.0.27/modules/pending/discord_voice-1.zip: 76%
2023-06-10T04:14:07.735Z [Modules] Streaming discord_voice@1 to /home/noah/.config/discord/0.0.27/modules/pending/discord_voice-1.zip: 77%
2023-06-10T04:14:07.750Z [Modules] Streaming discord_voice@1 to /home/noah/.config/discord/0.0.27/modules/pending/discord_voice-1.zip: 78%
2023-06-10T04:14:07.753Z [Modules] Streaming discord_voice@1 to /home/noah/.config/discord/0.0.27/modules/pending/discord_voice-1.zip: 79%
2023-06-10T04:14:07.755Z [Modules] Streaming discord_voice@1 to /home/noah/.config/discord/0.0.27/modules/pending/discord_voice-1.zip: 80%
2023-06-10T04:14:07.759Z [Modules] Streaming discord_voice@1 to /home/noah/.config/discord/0.0.27/modules/pending/discord_voice-1.zip: 81%
2023-06-10T04:14:07.764Z [Modules] Streaming discord_voice@1 to /home/noah/.config/discord/0.0.27/modules/pending/discord_voice-1.zip: 82%
2023-06-10T04:14:07.781Z [Modules] Streaming discord_voice@1 to /home/noah/.config/discord/0.0.27/modules/pending/discord_voice-1.zip: 83%
2023-06-10T04:14:07.784Z [Modules] Streaming discord_voice@1 to /home/noah/.config/discord/0.0.27/modules/pending/discord_voice-1.zip: 84%
2023-06-10T04:14:07.787Z [Modules] Streaming discord_voice@1 to /home/noah/.config/discord/0.0.27/modules/pending/discord_voice-1.zip: 85%
2023-06-10T04:14:07.790Z [Modules] Streaming discord_voice@1 to /home/noah/.config/discord/0.0.27/modules/pending/discord_voice-1.zip: 86%
2023-06-10T04:14:07.793Z [Modules] Streaming discord_voice@1 to /home/noah/.config/discord/0.0.27/modules/pending/discord_voice-1.zip: 87%
2023-06-10T04:14:07.796Z [Modules] Streaming discord_voice@1 to /home/noah/.config/discord/0.0.27/modules/pending/discord_voice-1.zip: 88%
2023-06-10T04:14:07.800Z [Modules] Streaming discord_voice@1 to /home/noah/.config/discord/0.0.27/modules/pending/discord_voice-1.zip: 89%
2023-06-10T04:14:07.804Z [Modules] Streaming discord_voice@1 to /home/noah/.config/discord/0.0.27/modules/pending/discord_voice-1.zip: 90%
2023-06-10T04:14:07.811Z [Modules] Streaming discord_voice@1 to /home/noah/.config/discord/0.0.27/modules/pending/discord_voice-1.zip: 91%
2023-06-10T04:14:07.814Z [Modules] Streaming discord_voice@1 to /home/noah/.config/discord/0.0.27/modules/pending/discord_voice-1.zip: 92%
2023-06-10T04:14:07.831Z [Modules] Streaming discord_voice@1 to /home/noah/.config/discord/0.0.27/modules/pending/discord_voice-1.zip: 93%
2023-06-10T04:14:07.839Z [Modules] Streaming discord_voice@1 to /home/noah/.config/discord/0.0.27/modules/pending/discord_voice-1.zip: 94%
2023-06-10T04:14:07.849Z [Modules] Streaming discord_voice@1 to /home/noah/.config/discord/0.0.27/modules/pending/discord_voice-1.zip: 95%
2023-06-10T04:14:07.852Z [Modules] Streaming discord_voice@1 to /home/noah/.config/discord/0.0.27/modules/pending/discord_voice-1.zip: 96%
2023-06-10T04:14:07.855Z [Modules] Streaming discord_voice@1 to /home/noah/.config/discord/0.0.27/modules/pending/discord_voice-1.zip: 97%
2023-06-10T04:14:07.873Z [Modules] Streaming discord_voice@1 to /home/noah/.config/discord/0.0.27/modules/pending/discord_voice-1.zip: 98%
2023-06-10T04:14:07.878Z [Modules] Streaming discord_voice@1 to /home/noah/.config/discord/0.0.27/modules/pending/discord_voice-1.zip: 99%
2023-06-10T04:14:07.885Z [Modules] Streaming discord_voice@1 to /home/noah/.config/discord/0.0.27/modules/pending/discord_voice-1.zip: 100%
2023-06-10T04:14:07.886Z [Modules] Finished module downloads. [success: 5] [failure: 0]
2023-06-10T04:14:07.886Z [Modules] Installing updates...
2023-06-10T04:14:07.886Z [Modules] Installing discord_desktop_core@1 from /home/noah/.config/discord/0.0.27/modules/pending/discord_desktop_core-1.zip
2023-06-10T04:14:07.911Z [Modules] Installing discord_erlpack@1 from /home/noah/.config/discord/0.0.27/modules/pending/discord_erlpack-1.zip
2023-06-10T04:14:07.937Z [Modules] Installing discord_spellcheck@1 from /home/noah/.config/discord/0.0.27/modules/pending/discord_spellcheck-1.zip
2023-06-10T04:14:08.132Z [Modules] Installing discord_utils@1 from /home/noah/.config/discord/0.0.27/modules/pending/discord_utils-1.zip
2023-06-10T04:14:08.237Z [Modules] Installing discord_voice@1 from /home/noah/.config/discord/0.0.27/modules/pending/discord_voice-1.zip
2023-06-10T04:14:08.501Z [Modules] Finished module installations. [success: 5] [failure: 0]
2023-06-10T04:14:08.501Z [Modules] Checking for host updates.
2023-06-10T04:14:08.593Z [Modules] Host is up to date.
2023-06-10T04:14:08.593Z [Modules] Checking for module updates at https://discord.com/api/modules/stable/versions.json
2023-06-10T04:14:08.595Z [Modules] No module updates available.
2023-06-10T04:14:09.760Z [Modules] Starting to install discord_krisp...
2023-06-10T04:14:09.760Z [Modules] Fetching discord_krisp@1 from https://discord.com/api/modules/stable/discord_krisp/1
2023-06-10T04:14:09.760Z [Modules] Streaming discord_krisp@1 to /home/noah/.config/discord/0.0.27/modules/pending/discord_krisp-1.zip
2023-06-10T04:14:09.769Z [Modules] Starting to install discord_game_utils...
2023-06-10T04:14:10.012Z [Modules] Streaming discord_krisp@1 to /home/noah/.config/discord/0.0.27/modules/pending/discord_krisp-1.zip: 1%
2023-06-10T04:14:10.019Z [Modules] Streaming discord_krisp@1 to /home/noah/.config/discord/0.0.27/modules/pending/discord_krisp-1.zip: 2%
2023-06-10T04:14:10.023Z [Modules] Streaming discord_krisp@1 to /home/noah/.config/discord/0.0.27/modules/pending/discord_krisp-1.zip: 3%
2023-06-10T04:14:10.027Z [Modules] Streaming discord_krisp@1 to /home/noah/.config/discord/0.0.27/modules/pending/discord_krisp-1.zip: 4%
2023-06-10T04:14:10.029Z [Modules] Streaming discord_krisp@1 to /home/noah/.config/discord/0.0.27/modules/pending/discord_krisp-1.zip: 5%
2023-06-10T04:14:10.031Z [Modules] Streaming discord_krisp@1 to /home/noah/.config/discord/0.0.27/modules/pending/discord_krisp-1.zip: 6%
2023-06-10T04:14:10.033Z [Modules] Streaming discord_krisp@1 to /home/noah/.config/discord/0.0.27/modules/pending/discord_krisp-1.zip: 7%
2023-06-10T04:14:10.036Z [Modules] Streaming discord_krisp@1 to /home/noah/.config/discord/0.0.27/modules/pending/discord_krisp-1.zip: 8%
2023-06-10T04:14:10.039Z [Modules] Streaming discord_krisp@1 to /home/noah/.config/discord/0.0.27/modules/pending/discord_krisp-1.zip: 9%
2023-06-10T04:14:10.041Z [Modules] Streaming discord_krisp@1 to /home/noah/.config/discord/0.0.27/modules/pending/discord_krisp-1.zip: 10%
2023-06-10T04:14:10.043Z [Modules] Streaming discord_krisp@1 to /home/noah/.config/discord/0.0.27/modules/pending/discord_krisp-1.zip: 11%
2023-06-10T04:14:10.044Z [Modules] Streaming discord_krisp@1 to /home/noah/.config/discord/0.0.27/modules/pending/discord_krisp-1.zip: 12%
2023-06-10T04:14:10.045Z [Modules] Streaming discord_krisp@1 to /home/noah/.config/discord/0.0.27/modules/pending/discord_krisp-1.zip: 13%
2023-06-10T04:14:10.046Z [Modules] Streaming discord_krisp@1 to /home/noah/.config/discord/0.0.27/modules/pending/discord_krisp-1.zip: 14%
2023-06-10T04:14:10.047Z [Modules] Streaming discord_krisp@1 to /home/noah/.config/discord/0.0.27/modules/pending/discord_krisp-1.zip: 15%
2023-06-10T04:14:10.047Z [Modules] Streaming discord_krisp@1 to /home/noah/.config/discord/0.0.27/modules/pending/discord_krisp-1.zip: 16%
2023-06-10T04:14:10.047Z [Modules] Streaming discord_krisp@1 to /home/noah/.config/discord/0.0.27/modules/pending/discord_krisp-1.zip: 17%
2023-06-10T04:14:10.048Z [Modules] Streaming discord_krisp@1 to /home/noah/.config/discord/0.0.27/modules/pending/discord_krisp-1.zip: 18%
2023-06-10T04:14:10.048Z [Modules] Streaming discord_krisp@1 to /home/noah/.config/discord/0.0.27/modules/pending/discord_krisp-1.zip: 19%
2023-06-10T04:14:10.048Z [Modules] Streaming discord_krisp@1 to /home/noah/.config/discord/0.0.27/modules/pending/discord_krisp-1.zip: 20%
2023-06-10T04:14:10.048Z [Modules] Streaming discord_krisp@1 to /home/noah/.config/discord/0.0.27/modules/pending/discord_krisp-1.zip: 21%
2023-06-10T04:14:10.049Z [Modules] Streaming discord_krisp@1 to /home/noah/.config/discord/0.0.27/modules/pending/discord_krisp-1.zip: 22%
2023-06-10T04:14:10.049Z [Modules] Streaming discord_krisp@1 to /home/noah/.config/discord/0.0.27/modules/pending/discord_krisp-1.zip: 23%
2023-06-10T04:14:10.054Z [Modules] Streaming discord_krisp@1 to /home/noah/.config/discord/0.0.27/modules/pending/discord_krisp-1.zip: 24%
2023-06-10T04:14:10.057Z [Modules] Streaming discord_krisp@1 to /home/noah/.config/discord/0.0.27/modules/pending/discord_krisp-1.zip: 25%
2023-06-10T04:14:10.060Z [Modules] Streaming discord_krisp@1 to /home/noah/.config/discord/0.0.27/modules/pending/discord_krisp-1.zip: 26%
2023-06-10T04:14:10.063Z [Modules] Streaming discord_krisp@1 to /home/noah/.config/discord/0.0.27/modules/pending/discord_krisp-1.zip: 27%
2023-06-10T04:14:10.067Z [Modules] Streaming discord_krisp@1 to /home/noah/.config/discord/0.0.27/modules/pending/discord_krisp-1.zip: 28%
2023-06-10T04:14:10.070Z [Modules] Streaming discord_krisp@1 to /home/noah/.config/discord/0.0.27/modules/pending/discord_krisp-1.zip: 29%
2023-06-10T04:14:10.073Z [Modules] Streaming discord_krisp@1 to /home/noah/.config/discord/0.0.27/modules/pending/discord_krisp-1.zip: 30%
2023-06-10T04:14:10.077Z [Modules] Streaming discord_krisp@1 to /home/noah/.config/discord/0.0.27/modules/pending/discord_krisp-1.zip: 31%
2023-06-10T04:14:10.080Z [Modules] Streaming discord_krisp@1 to /home/noah/.config/discord/0.0.27/modules/pending/discord_krisp-1.zip: 32%
2023-06-10T04:14:10.084Z [Modules] Streaming discord_krisp@1 to /home/noah/.config/discord/0.0.27/modules/pending/discord_krisp-1.zip: 33%
2023-06-10T04:14:10.087Z [Modules] Streaming discord_krisp@1 to /home/noah/.config/discord/0.0.27/modules/pending/discord_krisp-1.zip: 34%
2023-06-10T04:14:10.090Z [Modules] Streaming discord_krisp@1 to /home/noah/.config/discord/0.0.27/modules/pending/discord_krisp-1.zip: 35%
2023-06-10T04:14:10.093Z [Modules] Streaming discord_krisp@1 to /home/noah/.config/discord/0.0.27/modules/pending/discord_krisp-1.zip: 36%
2023-06-10T04:14:10.099Z [Modules] Streaming discord_krisp@1 to /home/noah/.config/discord/0.0.27/modules/pending/discord_krisp-1.zip: 37%
2023-06-10T04:14:10.103Z [Modules] Streaming discord_krisp@1 to /home/noah/.config/discord/0.0.27/modules/pending/discord_krisp-1.zip: 38%
2023-06-10T04:14:10.108Z [Modules] Streaming discord_krisp@1 to /home/noah/.config/discord/0.0.27/modules/pending/discord_krisp-1.zip: 39%
2023-06-10T04:14:10.111Z [Modules] Streaming discord_krisp@1 to /home/noah/.config/discord/0.0.27/modules/pending/discord_krisp-1.zip: 40%
2023-06-10T04:14:10.116Z [Modules] Streaming discord_krisp@1 to /home/noah/.config/discord/0.0.27/modules/pending/discord_krisp-1.zip: 41%
2023-06-10T04:14:10.120Z [Modules] Streaming discord_krisp@1 to /home/noah/.config/discord/0.0.27/modules/pending/discord_krisp-1.zip: 42%
2023-06-10T04:14:10.123Z [Modules] Streaming discord_krisp@1 to /home/noah/.config/discord/0.0.27/modules/pending/discord_krisp-1.zip: 43%
2023-06-10T04:14:10.126Z [Modules] Streaming discord_krisp@1 to /home/noah/.config/discord/0.0.27/modules/pending/discord_krisp-1.zip: 44%
2023-06-10T04:14:10.135Z [Modules] Streaming discord_krisp@1 to /home/noah/.config/discord/0.0.27/modules/pending/discord_krisp-1.zip: 45%
2023-06-10T04:14:10.141Z [Modules] Streaming discord_krisp@1 to /home/noah/.config/discord/0.0.27/modules/pending/discord_krisp-1.zip: 46%
2023-06-10T04:14:10.144Z [Modules] Streaming discord_krisp@1 to /home/noah/.config/discord/0.0.27/modules/pending/discord_krisp-1.zip: 47%
2023-06-10T04:14:10.149Z [Modules] Streaming discord_krisp@1 to /home/noah/.config/discord/0.0.27/modules/pending/discord_krisp-1.zip: 48%
2023-06-10T04:14:10.161Z [Modules] Streaming discord_krisp@1 to /home/noah/.config/discord/0.0.27/modules/pending/discord_krisp-1.zip: 49%
2023-06-10T04:14:10.165Z [Modules] Streaming discord_krisp@1 to /home/noah/.config/discord/0.0.27/modules/pending/discord_krisp-1.zip: 50%
2023-06-10T04:14:10.169Z [Modules] Streaming discord_krisp@1 to /home/noah/.config/discord/0.0.27/modules/pending/discord_krisp-1.zip: 51%
2023-06-10T04:14:10.178Z [Modules] Streaming discord_krisp@1 to /home/noah/.config/discord/0.0.27/modules/pending/discord_krisp-1.zip: 52%
2023-06-10T04:14:10.183Z [Modules] Streaming discord_krisp@1 to /home/noah/.config/discord/0.0.27/modules/pending/discord_krisp-1.zip: 53%
2023-06-10T04:14:10.187Z [Modules] Streaming discord_krisp@1 to /home/noah/.config/discord/0.0.27/modules/pending/discord_krisp-1.zip: 54%
2023-06-10T04:14:10.191Z [Modules] Streaming discord_krisp@1 to /home/noah/.config/discord/0.0.27/modules/pending/discord_krisp-1.zip: 55%
2023-06-10T04:14:10.195Z [Modules] Streaming discord_krisp@1 to /home/noah/.config/discord/0.0.27/modules/pending/discord_krisp-1.zip: 56%
2023-06-10T04:14:10.198Z [Modules] Streaming discord_krisp@1 to /home/noah/.config/discord/0.0.27/modules/pending/discord_krisp-1.zip: 57%
2023-06-10T04:14:10.202Z [Modules] Streaming discord_krisp@1 to /home/noah/.config/discord/0.0.27/modules/pending/discord_krisp-1.zip: 58%
2023-06-10T04:14:10.207Z [Modules] Streaming discord_krisp@1 to /home/noah/.config/discord/0.0.27/modules/pending/discord_krisp-1.zip: 59%
2023-06-10T04:14:10.212Z [Modules] Streaming discord_krisp@1 to /home/noah/.config/discord/0.0.27/modules/pending/discord_krisp-1.zip: 60%
2023-06-10T04:14:10.216Z [Modules] Streaming discord_krisp@1 to /home/noah/.config/discord/0.0.27/modules/pending/discord_krisp-1.zip: 61%
2023-06-10T04:14:10.219Z [Modules] Streaming discord_krisp@1 to /home/noah/.config/discord/0.0.27/modules/pending/discord_krisp-1.zip: 62%
2023-06-10T04:14:10.223Z [Modules] Streaming discord_krisp@1 to /home/noah/.config/discord/0.0.27/modules/pending/discord_krisp-1.zip: 63%
2023-06-10T04:14:10.227Z [Modules] Streaming discord_krisp@1 to /home/noah/.config/discord/0.0.27/modules/pending/discord_krisp-1.zip: 64%
2023-06-10T04:14:10.229Z [Modules] Streaming discord_krisp@1 to /home/noah/.config/discord/0.0.27/modules/pending/discord_krisp-1.zip: 65%
2023-06-10T04:14:10.232Z [Modules] Streaming discord_krisp@1 to /home/noah/.config/discord/0.0.27/modules/pending/discord_krisp-1.zip: 66%
2023-06-10T04:14:10.236Z [Modules] Streaming discord_krisp@1 to /home/noah/.config/discord/0.0.27/modules/pending/discord_krisp-1.zip: 67%
2023-06-10T04:14:10.239Z [Modules] Streaming discord_krisp@1 to /home/noah/.config/discord/0.0.27/modules/pending/discord_krisp-1.zip: 68%
2023-06-10T04:14:10.243Z [Modules] Streaming discord_krisp@1 to /home/noah/.config/discord/0.0.27/modules/pending/discord_krisp-1.zip: 69%
2023-06-10T04:14:10.249Z [Modules] Streaming discord_krisp@1 to /home/noah/.config/discord/0.0.27/modules/pending/discord_krisp-1.zip: 70%
2023-06-10T04:14:10.252Z [Modules] Streaming discord_krisp@1 to /home/noah/.config/discord/0.0.27/modules/pending/discord_krisp-1.zip: 71%
2023-06-10T04:14:10.254Z [Modules] Streaming discord_krisp@1 to /home/noah/.config/discord/0.0.27/modules/pending/discord_krisp-1.zip: 72%
2023-06-10T04:14:10.258Z [Modules] Streaming discord_krisp@1 to /home/noah/.config/discord/0.0.27/modules/pending/discord_krisp-1.zip: 73%
2023-06-10T04:14:10.261Z [Modules] Streaming discord_krisp@1 to /home/noah/.config/discord/0.0.27/modules/pending/discord_krisp-1.zip: 74%
2023-06-10T04:14:10.266Z [Modules] Streaming discord_krisp@1 to /home/noah/.config/discord/0.0.27/modules/pending/discord_krisp-1.zip: 75%
2023-06-10T04:14:10.270Z [Modules] Streaming discord_krisp@1 to /home/noah/.config/discord/0.0.27/modules/pending/discord_krisp-1.zip: 76%
2023-06-10T04:14:10.273Z [Modules] Streaming discord_krisp@1 to /home/noah/.config/discord/0.0.27/modules/pending/discord_krisp-1.zip: 77%
2023-06-10T04:14:10.277Z [Modules] Streaming discord_krisp@1 to /home/noah/.config/discord/0.0.27/modules/pending/discord_krisp-1.zip: 78%
2023-06-10T04:14:10.280Z [Modules] Streaming discord_krisp@1 to /home/noah/.config/discord/0.0.27/modules/pending/discord_krisp-1.zip: 79%
2023-06-10T04:14:10.282Z [Modules] Streaming discord_krisp@1 to /home/noah/.config/discord/0.0.27/modules/pending/discord_krisp-1.zip: 80%
2023-06-10T04:14:10.290Z [Modules] Checking for host updates.
2023-06-10T04:14:10.291Z [Modules] Streaming discord_krisp@1 to /home/noah/.config/discord/0.0.27/modules/pending/discord_krisp-1.zip: 81%
2023-06-10T04:14:10.297Z [Modules] Streaming discord_krisp@1 to /home/noah/.config/discord/0.0.27/modules/pending/discord_krisp-1.zip: 82%
2023-06-10T04:14:10.310Z [Modules] Streaming discord_krisp@1 to /home/noah/.config/discord/0.0.27/modules/pending/discord_krisp-1.zip: 83%
2023-06-10T04:14:10.317Z [Modules] Streaming discord_krisp@1 to /home/noah/.config/discord/0.0.27/modules/pending/discord_krisp-1.zip: 84%
2023-06-10T04:14:10.324Z [Modules] Streaming discord_krisp@1 to /home/noah/.config/discord/0.0.27/modules/pending/discord_krisp-1.zip: 85%
2023-06-10T04:14:10.333Z [Modules] Streaming discord_krisp@1 to /home/noah/.config/discord/0.0.27/modules/pending/discord_krisp-1.zip: 86%
2023-06-10T04:14:10.338Z [Modules] Streaming discord_krisp@1 to /home/noah/.config/discord/0.0.27/modules/pending/discord_krisp-1.zip: 87%
2023-06-10T04:14:10.343Z [Modules] Streaming discord_krisp@1 to /home/noah/.config/discord/0.0.27/modules/pending/discord_krisp-1.zip: 88%
2023-06-10T04:14:10.347Z [Modules] Streaming discord_krisp@1 to /home/noah/.config/discord/0.0.27/modules/pending/discord_krisp-1.zip: 89%
2023-06-10T04:14:10.351Z [Modules] Streaming discord_krisp@1 to /home/noah/.config/discord/0.0.27/modules/pending/discord_krisp-1.zip: 90%
2023-06-10T04:14:10.357Z [Modules] Streaming discord_krisp@1 to /home/noah/.config/discord/0.0.27/modules/pending/discord_krisp-1.zip: 91%
2023-06-10T04:14:10.360Z [Modules] Streaming discord_krisp@1 to /home/noah/.config/discord/0.0.27/modules/pending/discord_krisp-1.zip: 92%
2023-06-10T04:14:10.362Z [Modules] Host is up to date.
2023-06-10T04:14:10.362Z [Modules] Checking for module updates at https://discord.com/api/modules/stable/versions.json
2023-06-10T04:14:10.363Z [Modules] No module updates available.
2023-06-10T04:14:10.365Z [Modules] Streaming discord_krisp@1 to /home/noah/.config/discord/0.0.27/modules/pending/discord_krisp-1.zip: 93%
2023-06-10T04:14:10.370Z [Modules] Streaming discord_krisp@1 to /home/noah/.config/discord/0.0.27/modules/pending/discord_krisp-1.zip: 94%
2023-06-10T04:14:10.373Z [Modules] Streaming discord_krisp@1 to /home/noah/.config/discord/0.0.27/modules/pending/discord_krisp-1.zip: 95%
2023-06-10T04:14:10.377Z [Modules] Streaming discord_krisp@1 to /home/noah/.config/discord/0.0.27/modules/pending/discord_krisp-1.zip: 96%
2023-06-10T04:14:10.386Z [Modules] Streaming discord_krisp@1 to /home/noah/.config/discord/0.0.27/modules/pending/discord_krisp-1.zip: 97%
2023-06-10T04:14:10.395Z [Modules] Streaming discord_krisp@1 to /home/noah/.config/discord/0.0.27/modules/pending/discord_krisp-1.zip: 98%
2023-06-10T04:14:10.397Z [Modules] Streaming discord_krisp@1 to /home/noah/.config/discord/0.0.27/modules/pending/discord_krisp-1.zip: 99%
2023-06-10T04:14:10.401Z [Modules] Streaming discord_krisp@1 to /home/noah/.config/discord/0.0.27/modules/pending/discord_krisp-1.zip: 100%
2023-06-10T04:14:10.402Z [Modules] Fetching discord_game_utils@1 from https://discord.com/api/modules/stable/discord_game_utils/1
2023-06-10T04:14:10.402Z [Modules] Streaming discord_game_utils@1 to /home/noah/.config/discord/0.0.27/modules/pending/discord_game_utils-1.zip
2023-06-10T04:14:10.402Z [Modules] Installing discord_krisp@1 from /home/noah/.config/discord/0.0.27/modules/pending/discord_krisp-1.zip
2023-06-10T04:14:10.407Z [Modules] Starting to install discord_rpc...
2023-06-10T04:14:10.724Z [Modules] Streaming discord_game_utils@1 to /home/noah/.config/discord/0.0.27/modules/pending/discord_game_utils-1.zip: 6%
2023-06-10T04:14:10.724Z [Modules] Streaming discord_game_utils@1 to /home/noah/.config/discord/0.0.27/modules/pending/discord_game_utils-1.zip: 9%
2023-06-10T04:14:10.725Z [Modules] Streaming discord_game_utils@1 to /home/noah/.config/discord/0.0.27/modules/pending/discord_game_utils-1.zip: 11%
2023-06-10T04:14:10.727Z [Modules] Streaming discord_game_utils@1 to /home/noah/.config/discord/0.0.27/modules/pending/discord_game_utils-1.zip: 17%
2023-06-10T04:14:10.728Z [Modules] Streaming discord_game_utils@1 to /home/noah/.config/discord/0.0.27/modules/pending/discord_game_utils-1.zip: 19%
2023-06-10T04:14:10.728Z [Modules] Streaming discord_game_utils@1 to /home/noah/.config/discord/0.0.27/modules/pending/discord_game_utils-1.zip: 22%
2023-06-10T04:14:10.729Z [Modules] Streaming discord_game_utils@1 to /home/noah/.config/discord/0.0.27/modules/pending/discord_game_utils-1.zip: 25%
2023-06-10T04:14:10.730Z [Modules] Streaming discord_game_utils@1 to /home/noah/.config/discord/0.0.27/modules/pending/discord_game_utils-1.zip: 27%
2023-06-10T04:14:10.731Z [Modules] Streaming discord_game_utils@1 to /home/noah/.config/discord/0.0.27/modules/pending/discord_game_utils-1.zip: 30%
2023-06-10T04:14:10.733Z [Modules] Streaming discord_game_utils@1 to /home/noah/.config/discord/0.0.27/modules/pending/discord_game_utils-1.zip: 31%
2023-06-10T04:14:10.735Z [Modules] Streaming discord_game_utils@1 to /home/noah/.config/discord/0.0.27/modules/pending/discord_game_utils-1.zip: 34%
2023-06-10T04:14:10.736Z [Modules] Streaming discord_game_utils@1 to /home/noah/.config/discord/0.0.27/modules/pending/discord_game_utils-1.zip: 37%
2023-06-10T04:14:10.737Z [Modules] Streaming discord_game_utils@1 to /home/noah/.config/discord/0.0.27/modules/pending/discord_game_utils-1.zip: 39%
2023-06-10T04:14:10.738Z [Modules] Streaming discord_game_utils@1 to /home/noah/.config/discord/0.0.27/modules/pending/discord_game_utils-1.zip: 42%
2023-06-10T04:14:10.739Z [Modules] Streaming discord_game_utils@1 to /home/noah/.config/discord/0.0.27/modules/pending/discord_game_utils-1.zip: 44%
2023-06-10T04:14:10.740Z [Modules] Streaming discord_game_utils@1 to /home/noah/.config/discord/0.0.27/modules/pending/discord_game_utils-1.zip: 47%
2023-06-10T04:14:10.741Z [Modules] Streaming discord_game_utils@1 to /home/noah/.config/discord/0.0.27/modules/pending/discord_game_utils-1.zip: 50%
2023-06-10T04:14:10.742Z [Modules] Streaming discord_game_utils@1 to /home/noah/.config/discord/0.0.27/modules/pending/discord_game_utils-1.zip: 52%
2023-06-10T04:14:10.743Z [Modules] Streaming discord_game_utils@1 to /home/noah/.config/discord/0.0.27/modules/pending/discord_game_utils-1.zip: 55%
2023-06-10T04:14:10.744Z [Modules] Streaming discord_game_utils@1 to /home/noah/.config/discord/0.0.27/modules/pending/discord_game_utils-1.zip: 58%
2023-06-10T04:14:10.745Z [Modules] Streaming discord_game_utils@1 to /home/noah/.config/discord/0.0.27/modules/pending/discord_game_utils-1.zip: 60%
2023-06-10T04:14:10.746Z [Modules] Streaming discord_game_utils@1 to /home/noah/.config/discord/0.0.27/modules/pending/discord_game_utils-1.zip: 63%
2023-06-10T04:14:10.750Z [Modules] Streaming discord_game_utils@1 to /home/noah/.config/discord/0.0.27/modules/pending/discord_game_utils-1.zip: 74%
2023-06-10T04:14:10.750Z [Modules] Streaming discord_game_utils@1 to /home/noah/.config/discord/0.0.27/modules/pending/discord_game_utils-1.zip: 76%
2023-06-10T04:14:10.752Z [Modules] Streaming discord_game_utils@1 to /home/noah/.config/discord/0.0.27/modules/pending/discord_game_utils-1.zip: 79%
2023-06-10T04:14:10.753Z [Modules] Streaming discord_game_utils@1 to /home/noah/.config/discord/0.0.27/modules/pending/discord_game_utils-1.zip: 82%
2023-06-10T04:14:10.753Z [Modules] Streaming discord_game_utils@1 to /home/noah/.config/discord/0.0.27/modules/pending/discord_game_utils-1.zip: 84%
2023-06-10T04:14:10.753Z [Modules] Streaming discord_game_utils@1 to /home/noah/.config/discord/0.0.27/modules/pending/discord_game_utils-1.zip: 85%
2023-06-10T04:14:10.754Z [Modules] Streaming discord_game_utils@1 to /home/noah/.config/discord/0.0.27/modules/pending/discord_game_utils-1.zip: 88%
2023-06-10T04:14:10.755Z [Modules] Streaming discord_game_utils@1 to /home/noah/.config/discord/0.0.27/modules/pending/discord_game_utils-1.zip: 90%
2023-06-10T04:14:10.756Z [Modules] Streaming discord_game_utils@1 to /home/noah/.config/discord/0.0.27/modules/pending/discord_game_utils-1.zip: 93%
2023-06-10T04:14:10.757Z [Modules] Streaming discord_game_utils@1 to /home/noah/.config/discord/0.0.27/modules/pending/discord_game_utils-1.zip: 95%
2023-06-10T04:14:10.758Z [Modules] Streaming discord_game_utils@1 to /home/noah/.config/discord/0.0.27/modules/pending/discord_game_utils-1.zip: 98%
2023-06-10T04:14:10.758Z [Modules] Streaming discord_game_utils@1 to /home/noah/.config/discord/0.0.27/modules/pending/discord_game_utils-1.zip: 100%
2023-06-10T04:14:10.759Z [Modules] Fetching discord_rpc@1 from https://discord.com/api/modules/stable/discord_rpc/1
2023-06-10T04:14:10.759Z [Modules] Streaming discord_rpc@1 to /home/noah/.config/discord/0.0.27/modules/pending/discord_rpc-1.zip
2023-06-10T04:14:10.809Z [Modules] Installing discord_game_utils@1 from /home/noah/.config/discord/0.0.27/modules/pending/discord_game_utils-1.zip
2023-06-10T04:14:10.843Z [Modules] Finished module installations. [success: 2] [failure: 0]
2023-06-10T04:14:10.880Z [Modules] Streaming discord_rpc@1 to /home/noah/.config/discord/0.0.27/modules/pending/discord_rpc-1.zip: 100%
2023-06-10T04:14:10.881Z [Modules] Finished module downloads. [success: 3] [failure: 0]
2023-06-10T04:14:10.881Z [Modules] Installing discord_rpc@1 from /home/noah/.config/discord/0.0.27/modules/pending/discord_rpc-1.zip
2023-06-10T04:14:10.885Z [Modules] Finished module installations. [success: 1] [failure: 0]
2023-06-10T04:41:49.025Z [Modules] Modules initializing
2023-06-10T04:41:49.025Z [Modules] Distribution: remote
2023-06-10T04:41:49.025Z [Modules] Host updates: enabled
2023-06-10T04:41:49.025Z [Modules] Module updates: enabled
2023-06-10T04:41:49.025Z [Modules] Module install path: /home/noah/.config/discord/0.0.27/modules
2023-06-10T04:41:49.025Z [Modules] Module installed file path: /home/noah/.config/discord/0.0.27/modules/installed.json
2023-06-10T04:41:49.025Z [Modules] Module download path: /home/noah/.config/discord/0.0.27/modules/pending
2023-06-10T04:41:49.104Z [Modules] No updates to install
2023-06-10T04:41:49.105Z [Modules] Checking for host updates.
2023-06-10T04:41:49.247Z [Modules] Host is up to date.
2023-06-10T04:41:49.247Z [Modules] Checking for module updates at https://discord.com/api/modules/stable/versions.json
2023-06-10T04:41:49.279Z [Modules] No module updates available.
2023-06-10T04:41:50.679Z [Modules] Checking for host updates.
2023-06-10T04:41:50.766Z [Modules] Host is up to date.
2023-06-10T04:41:50.766Z [Modules] Checking for module updates at https://discord.com/api/modules/stable/versions.json
2023-06-10T04:41:50.768Z [Modules] No module updates available.
2023-06-10T05:41:50.684Z [Modules] Checking for host updates.
2023-06-10T05:41:50.807Z [Modules] Host is up to date.
2023-06-10T05:41:50.807Z [Modules] Checking for module updates at https://discord.com/api/modules/stable/versions.json
2023-06-10T05:41:50.843Z [Modules] No module updates available.
2023-06-10T06:41:50.684Z [Modules] Checking for host updates.
2023-06-10T06:41:50.806Z [Modules] Host is up to date.
2023-06-10T06:41:50.806Z [Modules] Checking for module updates at https://discord.com/api/modules/stable/versions.json
2023-06-10T06:41:50.838Z [Modules] No module updates available.
2023-06-10T07:41:50.684Z [Modules] Checking for host updates.
2023-06-10T07:41:50.794Z [Modules] Host is up to date.
2023-06-10T07:41:50.794Z [Modules] Checking for module updates at https://discord.com/api/modules/stable/versions.json
2023-06-10T07:41:50.828Z [Modules] No module updates available.
2023-06-10T08:41:50.679Z [Modules] Checking for host updates.
2023-06-10T08:41:50.788Z [Modules] Host is up to date.
2023-06-10T08:41:50.789Z [Modules] Checking for module updates at https://discord.com/api/modules/stable/versions.json
2023-06-10T08:41:50.823Z [Modules] No module updates available.
2023-06-10T09:41:50.679Z [Modules] Checking for host updates.
2023-06-10T09:41:50.796Z [Modules] Host is up to date.
2023-06-10T09:41:50.797Z [Modules] Checking for module updates at https://discord.com/api/modules/stable/versions.json
2023-06-10T09:41:50.829Z [Modules] No module updates available.
2023-06-10T10:41:50.679Z [Modules] Checking for host updates.
2023-06-10T10:41:50.810Z [Modules] Host is up to date.
2023-06-10T10:41:50.810Z [Modules] Checking for module updates at https://discord.com/api/modules/stable/versions.json
2023-06-10T10:41:50.843Z [Modules] No module updates available.
2023-06-10T19:47:01.137Z [Modules] Checking for host updates.
2023-06-10T19:47:01.279Z [Modules] Host is up to date.
2023-06-10T19:47:01.279Z [Modules] Checking for module updates at https://discord.com/api/modules/stable/versions.json
2023-06-10T19:47:01.322Z [Modules] No module updates available.
2023-06-10T20:47:07.091Z [Modules] Checking for host updates.
2023-06-10T20:47:07.205Z [Modules] Host is up to date.
2023-06-10T20:47:07.206Z [Modules] Checking for module updates at https://discord.com/api/modules/stable/versions.json
2023-06-10T20:47:07.244Z [Modules] No module updates available.
2023-06-10T20:54:02.405Z [Modules] Modules initializing
2023-06-10T20:54:02.406Z [Modules] Distribution: remote
2023-06-10T20:54:02.406Z [Modules] Host updates: enabled
2023-06-10T20:54:02.406Z [Modules] Module updates: enabled
2023-06-10T20:54:02.406Z [Modules] Module install path: /home/noah/.config/discord/0.0.27/modules
2023-06-10T20:54:02.406Z [Modules] Module installed file path: /home/noah/.config/discord/0.0.27/modules/installed.json
2023-06-10T20:54:02.406Z [Modules] Module download path: /home/noah/.config/discord/0.0.27/modules/pending
2023-06-10T20:54:02.536Z [Modules] No updates to install
2023-06-10T20:54:02.537Z [Modules] Checking for host updates.
2023-06-10T20:54:02.691Z [Modules] Host is up to date.
2023-06-10T20:54:02.692Z [Modules] Checking for module updates at https://discord.com/api/modules/stable/versions.json
2023-06-10T20:54:02.720Z [Modules] No module updates available.
2023-06-10T20:54:04.044Z [Modules] Checking for host updates.
2023-06-10T20:54:04.148Z [Modules] Host is up to date.
2023-06-10T20:54:04.148Z [Modules] Checking for module updates at https://discord.com/api/modules/stable/versions.json
2023-06-10T20:54:04.150Z [Modules] No module updates available.
2023-06-11T03:59:00.238Z [Modules] Checking for host updates.
2023-06-11T03:59:00.376Z [Modules] Host is up to date.
2023-06-11T03:59:00.377Z [Modules] Checking for module updates at https://discord.com/api/modules/stable/versions.json
2023-06-11T03:59:00.409Z [Modules] No module updates available.
2023-06-11T04:31:16.530Z [Modules] Modules initializing
2023-06-11T04:31:16.531Z [Modules] Distribution: remote
2023-06-11T04:31:16.531Z [Modules] Host updates: enabled
2023-06-11T04:31:16.531Z [Modules] Module updates: enabled
2023-06-11T04:31:16.531Z [Modules] Module install path: /home/noah/.config/discord/0.0.27/modules
2023-06-11T04:31:16.531Z [Modules] Module installed file path: /home/noah/.config/discord/0.0.27/modules/installed.json
2023-06-11T04:31:16.531Z [Modules] Module download path: /home/noah/.config/discord/0.0.27/modules/pending
2023-06-11T04:31:16.659Z [Modules] No updates to install
2023-06-11T04:31:16.659Z [Modules] Checking for host updates.
2023-06-11T04:31:16.839Z [Modules] Host is up to date.
2023-06-11T04:31:16.839Z [Modules] Checking for module updates at https://discord.com/api/modules/stable/versions.json
2023-06-11T04:31:16.876Z [Modules] No module updates available.
2023-06-11T04:31:17.970Z [Modules] Checking for host updates.
2023-06-11T04:31:18.083Z [Modules] Host is up to date.
2023-06-11T04:31:18.083Z [Modules] Checking for module updates at https://discord.com/api/modules/stable/versions.json
2023-06-11T04:31:18.084Z [Modules] No module updates available.
2023-06-11T05:31:17.971Z [Modules] Checking for host updates.
2023-06-11T05:31:18.088Z [Modules] Host is up to date.
2023-06-11T05:31:18.088Z [Modules] Checking for module updates at https://discord.com/api/modules/stable/versions.json
2023-06-11T05:31:18.121Z [Modules] No module updates available.
2023-06-11T06:31:17.975Z [Modules] Checking for host updates.
2023-06-11T06:31:18.117Z [Modules] Host is up to date.
2023-06-11T06:31:18.117Z [Modules] Checking for module updates at https://discord.com/api/modules/stable/versions.json
2023-06-11T06:31:18.148Z [Modules] No module updates available.
2023-06-11T07:31:17.971Z [Modules] Checking for host updates.
2023-06-11T07:31:18.104Z [Modules] Host is up to date.
2023-06-11T07:31:18.104Z [Modules] Checking for module updates at https://discord.com/api/modules/stable/versions.json
2023-06-11T07:31:18.139Z [Modules] No module updates available.
2023-06-11T08:31:17.975Z [Modules] Checking for host updates.
2023-06-11T08:31:18.102Z [Modules] Host is up to date.
2023-06-11T08:31:18.102Z [Modules] Checking for module updates at https://discord.com/api/modules/stable/versions.json
2023-06-11T08:31:18.136Z [Modules] No module updates available.
2023-06-11T09:31:17.975Z [Modules] Checking for host updates.
2023-06-11T09:31:18.096Z [Modules] Host is up to date.
2023-06-11T09:31:18.096Z [Modules] Checking for module updates at https://discord.com/api/modules/stable/versions.json
2023-06-11T09:31:18.124Z [Modules] No module updates available.
2023-06-11T10:31:17.970Z [Modules] Checking for host updates.
2023-06-11T10:31:18.085Z [Modules] Host is up to date.
2023-06-11T10:31:18.085Z [Modules] Checking for module updates at https://discord.com/api/modules/stable/versions.json
2023-06-11T10:31:18.115Z [Modules] No module updates available.
2023-06-11T11:31:17.972Z [Modules] Checking for host updates.
2023-06-11T11:31:18.088Z [Modules] Host is up to date.
2023-06-11T11:31:18.088Z [Modules] Checking for module updates at https://discord.com/api/modules/stable/versions.json
2023-06-11T11:31:18.114Z [Modules] No module updates available.
2023-06-11T19:59:57.728Z [Modules] Checking for host updates.
2023-06-11T19:59:57.859Z [Modules] Host is up to date.
2023-06-11T19:59:57.859Z [Modules] Checking for module updates at https://discord.com/api/modules/stable/versions.json
2023-06-11T19:59:57.894Z [Modules] No module updates available.
